main:
     79, Generating implicit copyout(Anew[1:4094][1:4094])
         Generating implicit copyin(A[:][:])
     80, Loop is parallelizable
     81, Loop is parallelizable
         Accelerator kernel generated
         Generating Tesla code
         80, #pragma acc loop gang, vector(128) /* blockIdx.x threadIdx.x */
         81, #pragma acc loop gang /* blockIdx.y */
     85, Generating implicit copyin(Anew[1:4094][1:4094],A[1:4094][1:4094])
     86, Loop is parallelizable
     87, Loop is parallelizable
         Accelerator kernel generated
         Generating Tesla code
         86, #pragma acc loop gang, vector(128) /* blockIdx.x threadIdx.x */
         87, #pragma acc loop gang /* blockIdx.y */
         88, Generating implicit reduction(max:error)
     90, Generating implicit copyin(Anew[1:4094][1:4094])
         Generating implicit copyout(A[1:4094][1:4094])
     91, Loop is parallelizable
     92, Loop is parallelizable
         Accelerator kernel generated
         Generating Tesla code
         91, #pragma acc loop gang, vector(128) /* blockIdx.x threadIdx.x */
         92, #pragma acc loop gang /* blockIdx.y */
